<?xml version="1.0" encoding="UTF-8"?>
<coverage generated="1396552677">
  <project timestamp="1396552677">
    <package name="PHPGroningen\Math">
      <file name="/home/remko/git/phpgroningen/src/PHPGroningen/Math/Circle.php">
        <class name="Circle" namespace="PHPGroningen\Math">
          <metrics methods="7" coveredmethods="3" conditionals="0" coveredconditionals="0" statements="24" coveredstatements="13" elements="31" coveredelements="16"/>
        </class>
        <line num="44" type="method" name="__construct" crap="2" count="6"/>
        <line num="45" type="stmt" count="6"/>
        <line num="46" type="stmt" count="6"/>
        <line num="47" type="stmt" count="6"/>
        <line num="48" type="stmt" count="6"/>
        <line num="56" type="method" name="setRadius" crap="2" count="8"/>
        <line num="58" type="stmt" count="8"/>
        <line num="59" type="stmt" count="4"/>
        <line num="62" type="stmt" count="4"/>
        <line num="63" type="stmt" count="4"/>
        <line num="65" type="stmt" count="4"/>
        <line num="66" type="stmt" count="4"/>
        <line num="68" type="stmt" count="4"/>
        <line num="77" type="method" name="getRadius" crap="2.15" count="4"/>
        <line num="79" type="stmt" count="4"/>
        <line num="80" type="stmt" count="0"/>
        <line num="83" type="stmt" count="4"/>
        <line num="92" type="method" name="setDiameter" crap="6" count="0"/>
        <line num="94" type="stmt" count="0"/>
        <line num="95" type="stmt" count="0"/>
        <line num="98" type="stmt" count="0"/>
        <line num="99" type="stmt" count="0"/>
        <line num="101" type="stmt" count="0"/>
        <line num="110" type="method" name="getDiameter" crap="6" count="0"/>
        <line num="112" type="stmt" count="0"/>
        <line num="113" type="stmt" count="0"/>
        <line num="116" type="stmt" count="0"/>
        <line num="124" type="method" name="getCircomference" crap="2" count="0"/>
        <line num="125" type="stmt" count="0"/>
        <line num="133" type="method" name="getArea" crap="2" count="0"/>
        <line num="135" type="stmt" count="0"/>
        <metrics loc="138" ncloc="80" classes="1" methods="7" coveredmethods="2" conditionals="0" coveredconditionals="0" statements="24" coveredstatements="13" elements="31" coveredelements="15"/>
      </file>
    </package>
    <package name="PHPGroningen">
      <file name="/home/remko/git/phpgroningen/src/PHPGroningen/Recorder.php">
        <class name="Recorder" namespace="PHPGroningen">
          <metrics methods="2" coveredmethods="2" conditionals="0" coveredconditionals="0" statements="3" coveredstatements="3" elements="5" coveredelements="5"/>
        </class>
        <line num="25" type="method" name="record" crap="1" count="4"/>
        <line num="27" type="stmt" count="4"/>
        <line num="28" type="stmt" count="4"/>
        <line num="35" type="method" name="getRecords" crap="1" count="6"/>
        <line num="37" type="stmt" count="6"/>
        <metrics loc="42" ncloc="22" classes="1" methods="2" coveredmethods="2" conditionals="0" coveredconditionals="0" statements="3" coveredstatements="3" elements="5" coveredelements="5"/>
      </file>
    </package>
    <metrics files="2" loc="180" ncloc="102" classes="2" methods="9" coveredmethods="4" conditionals="0" coveredconditionals="0" statements="27" coveredstatements="16" elements="36" coveredelements="20"/>
  </project>
</coverage>
